#
# There is insufficient memory for the Java Runtime Environment to continue.
# Native memory allocation (malloc) failed to allocate 32744 bytes for ChunkPool::allocate
# Possible reasons:
#   The system is out of physical RAM or swap space
#   The process is running with CompressedOops enabled, and the Java Heap may be blocking the growth of the native heap
# Possible solutions:
#   Reduce memory load on the system
#   Increase physical memory or swap space
#   Check if swap backing store is full
#   Decrease Java heap size (-Xmx/-Xms)
#   Decrease number of Java threads
#   Decrease Java thread stack sizes (-Xss)
#   Set larger code cache with -XX:ReservedCodeCacheSize=
#   JVM is running with Unscaled Compressed Oops mode in which the Java heap is
#     placed in the first 4GB address space. The Java Heap base address is the
#     maximum limit for the native heap growth. Please use -XX:HeapBaseMinAddress
#     to set the Java Heap base and to place the Java Heap above 4GB virtual address.
# This output file may be truncated or incomplete.
#
#  Out of Memory Error (allocation.cpp:272), pid=16520, tid=0x0000000000000938
#
# JRE version: Java(TM) SE Runtime Environment (8.0_212-b10) (build 1.8.0_212-b10)
# Java VM: Java HotSpot(TM) 64-Bit Server VM (25.212-b10 mixed mode windows-amd64 compressed oops)
# Failed to write core dump. Minidumps are not enabled by default on client versions of Windows
#

---------------  T H R E A D  ---------------

Current thread (0x0000000018288000):  JavaThread "C2 CompilerThread1" daemon [_thread_in_native, id=2360, stack(0x0000000019d90000,0x0000000019e90000)]

Stack: [0x0000000019d90000,0x0000000019e90000]
[error occurred during error reporting (printing stack bounds), id 0xc0000005]

Native frames: (J=compiled Java code, j=interpreted, Vv=VM code, C=native code)


Current CompileTask:
C2:    369  216       4       java.lang.String::replace (127 bytes)


---------------  P R O C E S S  ---------------

Java Threads: ( => current thread )
  0x0000000019629000 JavaThread "Service Thread" daemon [_thread_blocked, id=10732, stack(0x0000000019f90000,0x000000001a090000)]
  0x000000001829e000 JavaThread "C1 CompilerThread2" daemon [_thread_in_native, id=7656, stack(0x0000000019e90000,0x0000000019f90000)]
=>0x0000000018288000 JavaThread "C2 CompilerThread1" daemon [_thread_in_native, id=2360, stack(0x0000000019d90000,0x0000000019e90000)]
  0x0000000018285800 JavaThread "C2 CompilerThread0" daemon [_thread_blocked, id=20612, stack(0x0000000019c90000,0x0000000019d90000)]
  0x0000000018282000 JavaThread "Monitor Ctrl-Break" daemon [_thread_in_native, id=13720, stack(0x0000000019b90000,0x0000000019c90000)]
  0x00000000195d2800 JavaThread "Attach Listener" daemon [_thread_blocked, id=11920, stack(0x0000000019a90000,0x0000000019b90000)]
  0x0000000018254800 JavaThread "Signal Dispatcher" daemon [_thread_blocked, id=10944, stack(0x0000000019990000,0x0000000019a90000)]
  0x00000000036d9000 JavaThread "Finalizer" daemon [_thread_blocked, id=9508, stack(0x0000000019490000,0x0000000019590000)]
  0x00000000036d6000 JavaThread "Reference Handler" daemon [_thread_blocked, id=10744, stack(0x0000000019390000,0x0000000019490000)]
  0x00000000035e5000 JavaThread "main" [_thread_in_native, id=16900, stack(0x00000000033c0000,0x00000000034c0000)]

Other Threads:
  0x0000000018207800 VMThread [stack: 0x0000000019290000,0x0000000019390000] [id=20840]
  0x0000000019671000 WatcherThread [stack: 0x000000001a090000,0x000000001a190000] [id=8256]

VM state:not at safepoint (normal execution)

VM Mutex/Monitor currently owned by a thread: None

heap address: 0x0000000081600000, size: 2026 MB, Compressed Oops mode: 32-bit
Narrow klass base: 0x0000000000000000, Narrow klass shift: 3
Compressed class space size: 1073741824 Address: 0x0000000100000000

Heap:
 PSYoungGen      total 38400K, used 6004K [0x00000000d5d00000, 0x00000000d8780000, 0x0000000100000000)
  eden space 33280K, 18% used [0x00000000d5d00000,0x00000000d62dd398,0x00000000d7d80000)
  from space 5120K, 0% used [0x00000000d8280000,0x00000000d8280000,0x00000000d8780000)
  to   space 5120K, 0% used [0x00000000d7d80000,0x00000000d7d80000,0x00000000d8280000)
 ParOldGen       total 87552K, used 0K [0x0000000081600000, 0x0000000086b80000, 0x00000000d5d00000)
  object space 87552K, 0% used [0x0000000081600000,0x0000000081600000,0x0000000086b80000)
 Metaspace       used 3820K, capacity 4824K, committed 5120K, reserved 1056768K
  class space    used 422K, capacity 456K, committed 512K, reserved 1048576K

Card table byte_map: [0x0000000012aa0000,0x0000000012ea0000] byte_map_base: 0x0000000012695000

Marking Bits: (ParMarkBitMap*) 0x000000005b095ce0
 Begin Bits: [0x0000000013550000, 0x00000000154f8000)
 End Bits:   [0x00000000154f8000, 0x00000000174a0000)

Polling page: 0x00000000012f0000

CodeCache: size=245760Kb used=1607Kb max_used=1607Kb free=244152Kb
 bounds [0x00000000036e0000, 0x0000000003950000, 0x00000000126e0000]
 total_blobs=476 nmethods=214 adapters=175
 compilation: enabled

Compilation events (10 events):
Event: 0.362 Thread 0x000000001829e000  211       3       java.util.WeakHashMap::indexFor (6 bytes)
Event: 0.362 Thread 0x000000001829e000 nmethod 211 0x0000000003868010 code [0x0000000003868160, 0x0000000003868290]
Event: 0.363 Thread 0x000000001829e000  212       3       java.lang.String::concat (47 bytes)
Event: 0.364 Thread 0x000000001829e000 nmethod 212 0x0000000003871190 code [0x0000000003871360, 0x0000000003871b18]
Event: 0.364 Thread 0x000000001829e000  213       3       java.lang.String::getChars (16 bytes)
Event: 0.364 Thread 0x000000001829e000 nmethod 213 0x0000000003871e90 code [0x0000000003872000, 0x0000000003872208]
Event: 0.365 Thread 0x000000001829e000  214       3       sun.net.www.protocol.file.Handler::parseURL (18 bytes)
Event: 0.365 Thread 0x000000001829e000 nmethod 214 0x00000000038722d0 code [0x0000000003872440, 0x00000000038726b8]
Event: 0.365 Thread 0x000000001829e000  215       3       java.net.URLStreamHandler::parseURL (1193 bytes)
Event: 0.366 Thread 0x0000000018288000  216       4       java.lang.String::replace (127 bytes)

GC Heap History (0 events):
No events

Deoptimization events (0 events):
No events

Classes redefined (0 events):
No events

Internal exceptions (7 events):
Event: 0.046 Thread 0x00000000035e5000 Exception <a 'java/lang/NoSuchMethodError': Method sun.misc.Unsafe.defineClass(Ljava/lang/String;[BII)Ljava/lang/Class; name or signature does not match> (0x00000000d5d07cb0) thrown at [C:\re\workspace\8-2-build-windows-amd64-cygwin\jdk8u212\12974\hotspot
Event: 0.046 Thread 0x00000000035e5000 Exception <a 'java/lang/NoSuchMethodError': Method sun.misc.Unsafe.prefetchRead(Ljava/lang/Object;J)V name or signature does not match> (0x00000000d5d07f98) thrown at [C:\re\workspace\8-2-build-windows-amd64-cygwin\jdk8u212\12974\hotspot\src\share\vm\prim
Event: 0.209 Thread 0x00000000035e5000 Exception <a 'java/io/FileNotFoundException'> (0x00000000d604f9c0) thrown at [C:\re\workspace\8-2-build-windows-amd64-cygwin\jdk8u212\12974\hotspot\src\share\vm\prims\jni.cpp, line 710]
Event: 0.222 Thread 0x00000000035e5000 Exception <a 'java/security/PrivilegedActionException'> (0x00000000d60981b0) thrown at [C:\re\workspace\8-2-build-windows-amd64-cygwin\jdk8u212\12974\hotspot\src\share\vm\prims\jvm.cpp, line 1502]
Event: 0.222 Thread 0x00000000035e5000 Exception <a 'java/security/PrivilegedActionException'> (0x00000000d60983c0) thrown at [C:\re\workspace\8-2-build-windows-amd64-cygwin\jdk8u212\12974\hotspot\src\share\vm\prims\jvm.cpp, line 1502]
Event: 0.223 Thread 0x00000000035e5000 Exception <a 'java/security/PrivilegedActionException'> (0x00000000d609c2d0) thrown at [C:\re\workspace\8-2-build-windows-amd64-cygwin\jdk8u212\12974\hotspot\src\share\vm\prims\jvm.cpp, line 1502]
Event: 0.223 Thread 0x00000000035e5000 Exception <a 'java/security/PrivilegedActionException'> (0x00000000d609c4e0) thrown at [C:\re\workspace\8-2-build-windows-amd64-cygwin\jdk8u212\12974\hotspot\src\share\vm\prims\jvm.cpp, line 1502]

Events (10 events):
Event: 0.364 loading class org/junit/internal/runners/statements/ExpectException
Event: 0.364 loading class org/junit/internal/runners/statements/ExpectException done
Event: 0.365 loading class org/junit/validator/TestClassValidator
Event: 0.365 loading class org/junit/validator/TestClassValidator done
Event: 0.365 loading class org/junit/validator/AnnotationsValidator
Event: 0.365 loading class org/junit/validator/AnnotationsValidator done
Event: 0.366 loading class org/junit/validator/AnnotationsValidator$AnnotatableValidator
Event: 0.366 loading class org/junit/validator/AnnotationsValidator$AnnotatableValidator done
Event: 0.366 loading class org/junit/validator/AnnotationsValidator$ClassValidator
Event: 0.366 loading class org/junit/validator/AnnotationsValidator$ClassValidator done


Dynamic libraries:
0x00007ff74e360000 - 0x00007ff74e397000 	C:\Program Files\Java\jdk1.8.0_212\bin\java.exe
0x00007ffb34ca0000 - 0x00007ffb34e90000 	C:\WINDOWS\SYSTEM32\ntdll.dll
0x00007ffb33270000 - 0x00007ffb33322000 	C:\WINDOWS\System32\KERNEL32.DLL
0x00007ffb320a0000 - 0x00007ffb32343000 	C:\WINDOWS\System32\KERNELBASE.dll
0x00007ffb33120000 - 0x00007ffb331c3000 	C:\WINDOWS\System32\ADVAPI32.dll
0x00007ffb32e00000 - 0x00007ffb32e9e000 	C:\WINDOWS\System32\msvcrt.dll
0x00007ffb331d0000 - 0x00007ffb33267000 	C:\WINDOWS\System32\sechost.dll
0x00007ffb34270000 - 0x00007ffb34390000 	C:\WINDOWS\System32\RPCRT4.dll
0x00007ffb34960000 - 0x00007ffb34af4000 	C:\WINDOWS\System32\USER32.dll
0x00007ffb32bd0000 - 0x00007ffb32bf1000 	C:\WINDOWS\System32\win32u.dll
0x00007ffb33090000 - 0x00007ffb330b6000 	C:\WINDOWS\System32\GDI32.dll
0x00007ffb31db0000 - 0x00007ffb31f44000 	C:\WINDOWS\System32\gdi32full.dll
0x00007ffb32c30000 - 0x00007ffb32cce000 	C:\WINDOWS\System32\msvcp_win.dll
0x00007ffb32ad0000 - 0x00007ffb32bca000 	C:\WINDOWS\System32\ucrtbase.dll
0x00007ffb26da0000 - 0x00007ffb27025000 	C:\WINDOWS\WinSxS\amd64_microsoft.windows.common-controls_6595b64144ccf1df_6.0.18362.778_none_e6c6b761130d4fb8\COMCTL32.dll
0x00007ffb33e60000 - 0x00007ffb34196000 	C:\WINDOWS\System32\combase.dll
0x00007ffb31c30000 - 0x00007ffb31cb0000 	C:\WINDOWS\System32\bcryptPrimitives.dll
0x00007ffb34410000 - 0x00007ffb3443e000 	C:\WINDOWS\System32\IMM32.DLL
0x000000005bb00000 - 0x000000005bbd2000 	C:\Program Files\Java\jdk1.8.0_212\jre\bin\msvcr100.dll
0x000000005a870000 - 0x000000005b115000 	C:\Program Files\Java\jdk1.8.0_212\jre\bin\server\jvm.dll
0x00007ffb32fb0000 - 0x00007ffb32fb8000 	C:\WINDOWS\System32\PSAPI.DLL
0x00007ffb2e4a0000 - 0x00007ffb2e4c4000 	C:\WINDOWS\SYSTEM32\WINMM.dll
0x00007ffb280a0000 - 0x00007ffb280a9000 	C:\WINDOWS\SYSTEM32\WSOCK32.dll
0x00007ffb34200000 - 0x00007ffb3426f000 	C:\WINDOWS\System32\WS2_32.dll
0x00007ffb28fa0000 - 0x00007ffb28fcd000 	C:\WINDOWS\SYSTEM32\WINMMBASE.dll
0x00007ffb31d60000 - 0x00007ffb31daa000 	C:\WINDOWS\System32\cfgmgr32.dll
0x00007ffb2e3a0000 - 0x00007ffb2e3aa000 	C:\WINDOWS\SYSTEM32\VERSION.dll
0x00007ffb2d9f0000 - 0x00007ffb2d9ff000 	C:\Program Files\Java\jdk1.8.0_212\jre\bin\verify.dll
0x00007ffb23a20000 - 0x00007ffb23a49000 	C:\Program Files\Java\jdk1.8.0_212\jre\bin\java.dll
0x00007ffb17c40000 - 0x00007ffb17c63000 	C:\Program Files\Java\jdk1.8.0_212\jre\bin\instrument.dll
0x00007ffb2c3b0000 - 0x00007ffb2c3c6000 	C:\Program Files\Java\jdk1.8.0_212\jre\bin\zip.dll
0x00007ffb33770000 - 0x00007ffb33e55000 	C:\WINDOWS\System32\SHELL32.dll
0x00007ffb32d50000 - 0x00007ffb32df9000 	C:\WINDOWS\System32\shcore.dll
0x00007ffb32350000 - 0x00007ffb32ad0000 	C:\WINDOWS\System32\windows.storage.dll
0x00007ffb31b70000 - 0x00007ffb31b93000 	C:\WINDOWS\System32\profapi.dll
0x00007ffb31ba0000 - 0x00007ffb31bea000 	C:\WINDOWS\System32\powrprof.dll
0x00007ffb31b60000 - 0x00007ffb31b70000 	C:\WINDOWS\System32\UMPDC.dll
0x00007ffb341a0000 - 0x00007ffb341f2000 	C:\WINDOWS\System32\shlwapi.dll
0x00007ffb31bf0000 - 0x00007ffb31c01000 	C:\WINDOWS\System32\kernel.appcore.dll
0x00007ffb32cd0000 - 0x00007ffb32ce7000 	C:\WINDOWS\System32\cryptsp.dll
0x00007ffb23570000 - 0x00007ffb2358a000 	C:\Users\user\IntelliJ IDEA 2018.2.3\bin\breakgen64.dll
0x00007ffb15cc0000 - 0x00007ffb15cda000 	C:\Program Files\Java\jdk1.8.0_212\jre\bin\net.dll
0x00007ffb2a340000 - 0x00007ffb2a515000 	C:\WINDOWS\SYSTEM32\urlmon.dll
0x00007ffb26460000 - 0x00007ffb26706000 	C:\WINDOWS\SYSTEM32\iertutil.dll
0x00007ffb31540000 - 0x00007ffb3154c000 	C:\WINDOWS\SYSTEM32\CRYPTBASE.DLL
0x00007ffb31370000 - 0x00007ffb313d7000 	C:\WINDOWS\system32\mswsock.dll

VM Arguments:
jvm_args: -ea -Didea.test.cyclic.buffer.size=1048576 -javaagent:C:\Users\user\IntelliJ IDEA 2018.2.3\lib\idea_rt.jar=64880:C:\Users\user\IntelliJ IDEA 2018.2.3\bin -Dfile.encoding=UTF-8 
java_command: com.intellij.rt.execution.junit.JUnitStarter -ideVersion5 -junit4 com.tjfintech.common.functionTest.Conditions.TestEnvTool.CopyShellToTestEnv
java_class_path (initial): C:\Users\user\IntelliJ IDEA 2018.2.3\lib\idea_rt.jar;C:\Users\user\IntelliJ IDEA 2018.2.3\plugins\junit\lib\junit-rt.jar;C:\Users\user\IntelliJ IDEA 2018.2.3\plugins\junit\lib\junit5-rt.jar;C:\Program Files\Java\jdk1.8.0_212\jre\lib\charsets.jar;C:\Program Files\Java\jdk1.8.0_212\jre\lib\deploy.jar;C:\Program Files\Java\jdk1.8.0_212\jre\lib\ext\access-bridge-64.jar;C:\Program Files\Java\jdk1.8.0_212\jre\lib\ext\cldrdata.jar;C:\Program Files\Java\jdk1.8.0_212\jre\lib\ext\dnsns.jar;C:\Program Files\Java\jdk1.8.0_212\jre\lib\ext\jaccess.jar;C:\Program Files\Java\jdk1.8.0_212\jre\lib\ext\jfxrt.jar;C:\Program Files\Java\jdk1.8.0_212\jre\lib\ext\localedata.jar;C:\Program Files\Java\jdk1.8.0_212\jre\lib\ext\nashorn.jar;C:\Program Files\Java\jdk1.8.0_212\jre\lib\ext\sunec.jar;C:\Program Files\Java\jdk1.8.0_212\jre\lib\ext\sunjce_provider.jar;C:\Program Files\Java\jdk1.8.0_212\jre\lib\ext\sunmscapi.jar;C:\Program Files\Java\jdk1.8.0_212\jre\lib\ext\sunpkcs11.jar;C:\Program Files\Java\jdk1.8.0_212\jre\lib\ext\zipfs.jar;C:\Program Files\Java\jdk1.8.0_212\jre\lib\javaws.jar;C:\Program Files\Java\jdk1.8.0_212\jre\lib\jce.jar;C:\Program Files\Java\jdk1.8.0_212\jre\lib\jfr.jar;C:\Program Files\Java\jdk1.8.0_212\jre\lib\jfxswt.jar;C:\Program Files\Java\jdk1.8.0_212\jre\lib\jsse.jar;C:\Program Files\Java\jdk1.8.0_212\jre\lib\management-agent.jar;C:\Program Files\Java\jdk1.8.0_212\jre\lib\plugin.jar;C:\Program Files\Java\jdk1.8.0_212\jre\lib\resources.jar;C:\Program Files\Java\jdk1.8.0_212\jre\lib\rt.jar;D:\TEST\testfoc\wutongchain\target\test-classes;D:\TEST\testfoc\wutongchain\target\classes;D:\TEST\testfoc\wutongchain\src\main\resources\localsign.jar;D:\TEST\testfoc\wutongchain\src\main\resources\protobuf-java-format-1.2.jar;D:\TEST\testfoc\wutongchain\src\main\resources\sdk-java-0.0.1-SNAPSHOT-jar-with-dependencies.jar;D:\TEST\testfoc\wutongchain\src\main\resources\tjfoc-gmsm-0.0.1-SNAPSHOT-jar-with-dependencies.jar;C:\Users\user\.m2\repository\com\go
Launcher Type: SUN_STANDARD

Environment Variables:
JAVA_HOME=C:\Program Files\Java\jdk1.8.0_212
CLASSPATH=.;C:\Program Files\Java\jdk1.8.0_212\lib\dt.jar;C:\Program Files\Java\jdk1.8.0_212\lib\tools.jar
PATH=C:\Program Files (x86)\Common Files\Oracle\Java\javapath;C:\WINDOWS\system32;C:\WINDOWS;C:\WINDOWS\System32\Wbem;C:\WINDOWS\System32\WindowsPowerShell\v1.0\;C:\Program Files\Java\jdk1.8.0_212\jre\bin;C:\Program Files\Java\jdk1.8.0_212\bin;C:\Program Files\Maven\apache-maven-3.6.1\bin;C:\WINDOWS\System32\OpenSSH\;C:\Program Files\Git\cmd;C:\Program Files\Git\bin;D:\TEST\goworks\bin;D:\TEST\go\bin;C:\Users\user\AppData\Local\Microsoft\WindowsApps;C:\Users\user\AppData\Local\Programs\Microsoft VS Code\bin;;D:\TEST\Microsoft VS Code\bin
USERNAME=user
OS=Windows_NT
PROCESSOR_IDENTIFIER=Intel64 Family 6 Model 158 Stepping 9, GenuineIntel



---------------  S Y S T E M  ---------------

OS: Windows 10.0 , 64 bit Build 18362 (10.0.18362.778)

CPU:total 4 (initial active 4) (4 cores per cpu, 1 threads per core) family 6 model 158 stepping 9, cmov, cx8, fxsr, mmx, sse, sse2, sse3, ssse3, sse4.1, sse4.2, popcnt, avx, avx2, aes, clmul, erms, rtm, 3dnowpref, lzcnt, tsc, tscinvbit, bmi1, bmi2, adx

Memory: 4k page, physical 8293732k(846124k free), swap 21298724k(2760k free)

vm_info: Java HotSpot(TM) 64-Bit Server VM (25.212-b10) for windows-amd64 JRE (1.8.0_212-b10), built on Apr  1 2019 22:50:23 by "java_re" with MS VC++ 10.0 (VS2010)

time: Fri May 22 10:41:00 2020
timezone: 中国标准时间
elapsed time: 0 seconds (0d 0h 0m 0s)

