#
# There is insufficient memory for the Java Runtime Environment to continue.
# Native memory allocation (malloc) failed to allocate 1048576 bytes for AllocateHeap
# Possible reasons:
#   The system is out of physical RAM or swap space
#   The process is running with CompressedOops enabled, and the Java Heap may be blocking the growth of the native heap
# Possible solutions:
#   Reduce memory load on the system
#   Increase physical memory or swap space
#   Check if swap backing store is full
#   Decrease Java heap size (-Xmx/-Xms)
#   Decrease number of Java threads
#   Decrease Java thread stack sizes (-Xss)
#   Set larger code cache with -XX:ReservedCodeCacheSize=
#   JVM is running with Unscaled Compressed Oops mode in which the Java heap is
#     placed in the first 4GB address space. The Java Heap base address is the
#     maximum limit for the native heap growth. Please use -XX:HeapBaseMinAddress
#     to set the Java Heap base and to place the Java Heap above 4GB virtual address.
# This output file may be truncated or incomplete.
#
#  Out of Memory Error (memory/allocation.inline.hpp:61), pid=20544, tid=0x0000000000000b48
#
# JRE version:  (8.0_212-b10) (build )
# Java VM: Java HotSpot(TM) 64-Bit Server VM (25.212-b10 mixed mode windows-amd64 compressed oops)
# Failed to write core dump. Minidumps are not enabled by default on client versions of Windows
#

---------------  T H R E A D  ---------------

Current thread (0x00000000032d5000):  JavaThread "Unknown thread" [_thread_in_vm, id=2888, stack(0x0000000003040000,0x0000000003140000)]

Stack: [0x0000000003040000,0x0000000003140000]
[error occurred during error reporting (printing stack bounds), id 0xc0000005]

Native frames: (J=compiled Java code, j=interpreted, Vv=VM code, C=native code)


---------------  P R O C E S S  ---------------

Java Threads: ( => current thread )

Other Threads:

=>0x00000000032d5000 (exited) JavaThread "Unknown thread" [_thread_in_vm, id=2888, stack(0x0000000003040000,0x0000000003140000)]

VM state:not at safepoint (normal execution)

VM Mutex/Monitor currently owned by a thread: None

heap address: 0x0000000081600000, size: 2026 MB, Compressed Oops mode: 32-bit
Narrow klass base: 0x0000000000000000, Narrow klass shift: 3
Compressed class space size: 1073741824 Address: 0x0000000100000000

Heap:
 PSYoungGen      total 38400K, used 665K [0x00000000d5d00000, 0x00000000d8780000, 0x0000000100000000)
  eden space 33280K, 2% used [0x00000000d5d00000,0x00000000d5da6670,0x00000000d7d80000)
  from space 5120K, 0% used [0x00000000d8280000,0x00000000d8280000,0x00000000d8780000)
  to   space 5120K, 0% used [0x00000000d7d80000,0x00000000d7d80000,0x00000000d8280000)
 ParOldGen       total 87552K, used 0K [0x0000000081600000, 0x0000000086b80000, 0x00000000d5d00000)
  object space 87552K, 0% used [0x0000000081600000,0x0000000081600000,0x0000000086b80000)
 Metaspace       used 775K, capacity 4480K, committed 4480K, reserved 1056768K
  class space    used 76K, capacity 384K, committed 384K, reserved 1048576K

Card table byte_map: [0x0000000012790000,0x0000000012b90000] byte_map_base: 0x0000000012385000

Marking Bits: (ParMarkBitMap*) 0x000000005b095ce0
 Begin Bits: [0x0000000013240000, 0x00000000151e8000)
 End Bits:   [0x00000000151e8000, 0x0000000017190000)

Polling page: 0x0000000000fd0000

CodeCache: size=245760Kb used=328Kb max_used=328Kb free=245431Kb
 bounds [0x00000000033d0000, 0x0000000003640000, 0x00000000123d0000]
 total_blobs=58 nmethods=0 adapters=38
 compilation: enabled

Compilation events (0 events):
No events

GC Heap History (0 events):
No events

Deoptimization events (0 events):
No events

Classes redefined (0 events):
No events

Internal exceptions (0 events):
No events

Events (10 events):
Event: 0.027 loading class java/lang/Short
Event: 0.027 loading class java/lang/Short done
Event: 0.027 loading class java/lang/Integer
Event: 0.028 loading class java/lang/Integer done
Event: 0.028 loading class java/lang/Long
Event: 0.028 loading class java/lang/Long done
Event: 0.029 loading class java/lang/NullPointerException
Event: 0.029 loading class java/lang/NullPointerException done
Event: 0.029 loading class java/lang/ArithmeticException
Event: 0.029 loading class java/lang/ArithmeticException done


Dynamic libraries:
0x00007ff74e360000 - 0x00007ff74e397000 	C:\Program Files\Java\jdk1.8.0_212\bin\java.exe
0x00007ffb34ca0000 - 0x00007ffb34e90000 	C:\WINDOWS\SYSTEM32\ntdll.dll
0x00007ffb33270000 - 0x00007ffb33322000 	C:\WINDOWS\System32\KERNEL32.DLL
0x00007ffb320a0000 - 0x00007ffb32343000 	C:\WINDOWS\System32\KERNELBASE.dll
0x00007ffb33120000 - 0x00007ffb331c3000 	C:\WINDOWS\System32\ADVAPI32.dll
0x00007ffb32e00000 - 0x00007ffb32e9e000 	C:\WINDOWS\System32\msvcrt.dll
0x00007ffb331d0000 - 0x00007ffb33267000 	C:\WINDOWS\System32\sechost.dll
0x00007ffb34270000 - 0x00007ffb34390000 	C:\WINDOWS\System32\RPCRT4.dll
0x00007ffb34960000 - 0x00007ffb34af4000 	C:\WINDOWS\System32\USER32.dll
0x00007ffb32bd0000 - 0x00007ffb32bf1000 	C:\WINDOWS\System32\win32u.dll
0x00007ffb33090000 - 0x00007ffb330b6000 	C:\WINDOWS\System32\GDI32.dll
0x00007ffb31db0000 - 0x00007ffb31f44000 	C:\WINDOWS\System32\gdi32full.dll
0x00007ffb32c30000 - 0x00007ffb32cce000 	C:\WINDOWS\System32\msvcp_win.dll
0x00007ffb32ad0000 - 0x00007ffb32bca000 	C:\WINDOWS\System32\ucrtbase.dll
0x00007ffb26da0000 - 0x00007ffb27025000 	C:\WINDOWS\WinSxS\amd64_microsoft.windows.common-controls_6595b64144ccf1df_6.0.18362.778_none_e6c6b761130d4fb8\COMCTL32.dll
0x00007ffb33e60000 - 0x00007ffb34196000 	C:\WINDOWS\System32\combase.dll
0x00007ffb31c30000 - 0x00007ffb31cb0000 	C:\WINDOWS\System32\bcryptPrimitives.dll
0x00007ffb34410000 - 0x00007ffb3443e000 	C:\WINDOWS\System32\IMM32.DLL
0x000000005bb00000 - 0x000000005bbd2000 	C:\Program Files\Java\jdk1.8.0_212\jre\bin\msvcr100.dll
0x000000005a870000 - 0x000000005b115000 	C:\Program Files\Java\jdk1.8.0_212\jre\bin\server\jvm.dll
0x00007ffb32fb0000 - 0x00007ffb32fb8000 	C:\WINDOWS\System32\PSAPI.DLL
0x00007ffb280a0000 - 0x00007ffb280a9000 	C:\WINDOWS\SYSTEM32\WSOCK32.dll
0x00007ffb2e4a0000 - 0x00007ffb2e4c4000 	C:\WINDOWS\SYSTEM32\WINMM.dll
0x00007ffb34200000 - 0x00007ffb3426f000 	C:\WINDOWS\System32\WS2_32.dll
0x00007ffb2e3a0000 - 0x00007ffb2e3aa000 	C:\WINDOWS\SYSTEM32\VERSION.dll
0x00007ffb28fa0000 - 0x00007ffb28fcd000 	C:\WINDOWS\SYSTEM32\WINMMBASE.dll
0x00007ffb31d60000 - 0x00007ffb31daa000 	C:\WINDOWS\System32\cfgmgr32.dll
0x00007ffb2d990000 - 0x00007ffb2d99f000 	C:\Program Files\Java\jdk1.8.0_212\jre\bin\verify.dll
0x00007ffb23a20000 - 0x00007ffb23a49000 	C:\Program Files\Java\jdk1.8.0_212\jre\bin\java.dll
0x00007ffb17c40000 - 0x00007ffb17c63000 	C:\Program Files\Java\jdk1.8.0_212\jre\bin\instrument.dll
0x00007ffb2c3b0000 - 0x00007ffb2c3c6000 	C:\Program Files\Java\jdk1.8.0_212\jre\bin\zip.dll

VM Arguments:
jvm_args: -ea -Didea.test.cyclic.buffer.size=1048576 -javaagent:C:\Users\user\IntelliJ IDEA 2018.2.3\lib\idea_rt.jar=65347:C:\Users\user\IntelliJ IDEA 2018.2.3\bin -Dfile.encoding=UTF-8 
java_command: com.intellij.rt.execution.junit.JUnitStarter -ideVersion5 -junit4 com.tjfintech.common.functionTest.utxoSingleSign.SoloTest,TC001_TestMaxValue
java_class_path (initial): C:\Users\user\IntelliJ IDEA 2018.2.3\lib\idea_rt.jar;C:\Users\user\IntelliJ IDEA 2018.2.3\plugins\junit\lib\junit-rt.jar;C:\Users\user\IntelliJ IDEA 2018.2.3\plugins\junit\lib\junit5-rt.jar;C:\Program Files\Java\jdk1.8.0_212\jre\lib\charsets.jar;C:\Program Files\Java\jdk1.8.0_212\jre\lib\deploy.jar;C:\Program Files\Java\jdk1.8.0_212\jre\lib\ext\access-bridge-64.jar;C:\Program Files\Java\jdk1.8.0_212\jre\lib\ext\cldrdata.jar;C:\Program Files\Java\jdk1.8.0_212\jre\lib\ext\dnsns.jar;C:\Program Files\Java\jdk1.8.0_212\jre\lib\ext\jaccess.jar;C:\Program Files\Java\jdk1.8.0_212\jre\lib\ext\jfxrt.jar;C:\Program Files\Java\jdk1.8.0_212\jre\lib\ext\localedata.jar;C:\Program Files\Java\jdk1.8.0_212\jre\lib\ext\nashorn.jar;C:\Program Files\Java\jdk1.8.0_212\jre\lib\ext\sunec.jar;C:\Program Files\Java\jdk1.8.0_212\jre\lib\ext\sunjce_provider.jar;C:\Program Files\Java\jdk1.8.0_212\jre\lib\ext\sunmscapi.jar;C:\Program Files\Java\jdk1.8.0_212\jre\lib\ext\sunpkcs11.jar;C:\Program Files\Java\jdk1.8.0_212\jre\lib\ext\zipfs.jar;C:\Program Files\Java\jdk1.8.0_212\jre\lib\javaws.jar;C:\Program Files\Java\jdk1.8.0_212\jre\lib\jce.jar;C:\Program Files\Java\jdk1.8.0_212\jre\lib\jfr.jar;C:\Program Files\Java\jdk1.8.0_212\jre\lib\jfxswt.jar;C:\Program Files\Java\jdk1.8.0_212\jre\lib\jsse.jar;C:\Program Files\Java\jdk1.8.0_212\jre\lib\management-agent.jar;C:\Program Files\Java\jdk1.8.0_212\jre\lib\plugin.jar;C:\Program Files\Java\jdk1.8.0_212\jre\lib\resources.jar;C:\Program Files\Java\jdk1.8.0_212\jre\lib\rt.jar;D:\TEST\testfoc\wutongchain\target\test-classes;D:\TEST\testfoc\wutongchain\target\classes;D:\TEST\testfoc\wutongchain\src\main\resources\localsign.jar;D:\TEST\testfoc\wutongchain\src\main\resources\protobuf-java-format-1.2.jar;D:\TEST\testfoc\wutongchain\src\main\resources\sdk-java-0.0.1-SNAPSHOT-jar-with-dependencies.jar;D:\TEST\testfoc\wutongchain\src\main\resources\tjfoc-gmsm-0.0.1-SNAPSHOT-jar-with-dependencies.jar;C:\Users\user\.m2\repository\com\go
Launcher Type: SUN_STANDARD

Environment Variables:
JAVA_HOME=C:\Program Files\Java\jdk1.8.0_212
CLASSPATH=.;C:\Program Files\Java\jdk1.8.0_212\lib\dt.jar;C:\Program Files\Java\jdk1.8.0_212\lib\tools.jar
PATH=C:\Program Files (x86)\Common Files\Oracle\Java\javapath;C:\WINDOWS\system32;C:\WINDOWS;C:\WINDOWS\System32\Wbem;C:\WINDOWS\System32\WindowsPowerShell\v1.0\;C:\Program Files\Java\jdk1.8.0_212\jre\bin;C:\Program Files\Java\jdk1.8.0_212\bin;C:\Program Files\Maven\apache-maven-3.6.1\bin;C:\WINDOWS\System32\OpenSSH\;C:\Program Files\Git\cmd;C:\Program Files\Git\bin;D:\TEST\goworks\bin;D:\TEST\go\bin;C:\Users\user\AppData\Local\Microsoft\WindowsApps;C:\Users\user\AppData\Local\Programs\Microsoft VS Code\bin;;D:\TEST\Microsoft VS Code\bin
USERNAME=user
OS=Windows_NT
PROCESSOR_IDENTIFIER=Intel64 Family 6 Model 158 Stepping 9, GenuineIntel



---------------  S Y S T E M  ---------------

OS: Windows 10.0 , 64 bit Build 18362 (10.0.18362.778)

CPU:total 4 (initial active 4) (4 cores per cpu, 1 threads per core) family 6 model 158 stepping 9, cmov, cx8, fxsr, mmx, sse, sse2, sse3, ssse3, sse4.1, sse4.2, popcnt, avx, avx2, aes, clmul, erms, rtm, 3dnowpref, lzcnt, tsc, tscinvbit, bmi1, bmi2, adx

Memory: 4k page, physical 8293732k(1012688k free), swap 21298724k(5468k free)

vm_info: Java HotSpot(TM) 64-Bit Server VM (25.212-b10) for windows-amd64 JRE (1.8.0_212-b10), built on Apr  1 2019 22:50:23 by "java_re" with MS VC++ 10.0 (VS2010)

time: Fri May 22 10:59:26 2020
timezone: 中国标准时间
elapsed time: 0 seconds (0d 0h 0m 0s)

